<?xml version="1.0" encoding="UTF-8"?>
<!-- Generated by org.testng.reporters.JUnitReportReporter -->
<testsuite hostname="DESKTOP-BNERN3A" failures="0" tests="3" name="seleniummavenproj.TestCases" time="28.991" errors="0" timestamp="2024-06-02T22:44:58 AEST" skipped="0">
  <testcase classname="seleniummavenproj.TestCases" name="fifthtest" time="7.969"/>
  <testcase classname="seleniummavenproj.TestCases" name="sixthtest" time="9.143"/>
  <testcase classname="seleniummavenproj.TestCases" name="fourthtest" time="11.879"/>
</testsuite> <!-- seleniummavenproj.TestCases -->
