<?xml version="1.0" encoding="UTF-8"?>
<!-- Generated by org.testng.reporters.JUnitReportReporter -->
<testsuite hostname="DESKTOP-BNERN3A" failures="0" tests="1" name="seleniummavenproj.Triggeringprogram" time="0.990" errors="0" timestamp="2024-06-02T22:44:58 AEST" skipped="0">
  <testcase classname="seleniummavenproj.Triggeringprogram" name="test" time="0.990"/>
</testsuite> <!-- seleniummavenproj.Triggeringprogram -->
